"31-01-2020 09:06:04 [restartedMain] INFO  com.project.ProjectApplication - Starting ProjectApplication on Aemarajan with PID 13004 (C:\Users\Raja\Documents\workspace-spring-tool-suite-4-4.3.2.RELEASE\HeaderTask\target\classes started by Raja in C:\Users\Raja\Documents\workspace-spring-tool-suite-4-4.3.2.RELEASE\HeaderTask)
""31-01-2020 09:06:04 [restartedMain] INFO  com.project.ProjectApplication - No active profile set, falling back to default profiles: default
""31-01-2020 09:06:04 [restartedMain] INFO  o.s.b.d.restart.ChangeableUrls - The Class-Path manifest attribute in C:\Users\Raja\.m2\repository\org\glassfish\jaxb\jaxb-runtime\2.3.2\jaxb-runtime-2.3.2.jar referenced one or more files that do not exist: file:/C:/Users/Raja/.m2/repository/org/glassfish/jaxb/jaxb-runtime/2.3.2/jakarta.xml.bind-api-2.3.2.jar,file:/C:/Users/Raja/.m2/repository/org/glassfish/jaxb/jaxb-runtime/2.3.2/txw2-2.3.2.jar,file:/C:/Users/Raja/.m2/repository/org/glassfish/jaxb/jaxb-runtime/2.3.2/istack-commons-runtime-3.0.8.jar,file:/C:/Users/Raja/.m2/repository/org/glassfish/jaxb/jaxb-runtime/2.3.2/stax-ex-1.8.1.jar,file:/C:/Users/Raja/.m2/repository/org/glassfish/jaxb/jaxb-runtime/2.3.2/FastInfoset-1.2.16.jar,file:/C:/Users/Raja/.m2/repository/org/glassfish/jaxb/jaxb-runtime/2.3.2/jakarta.activation-api-1.2.1.jar
""31-01-2020 09:06:04 [restartedMain] INFO  o.s.b.d.e.DevToolsPropertyDefaultsPostProcessor - Devtools property defaults active! Set 'spring.devtools.add-properties' to 'false' to disable
""31-01-2020 09:06:04 [restartedMain] INFO  o.s.b.d.e.DevToolsPropertyDefaultsPostProcessor - For additional web related logging consider setting the 'logging.level.web' property to 'DEBUG'
""31-01-2020 09:06:12 [restartedMain] INFO  o.s.d.r.c.RepositoryConfigurationDelegate - Bootstrapping Spring Data JPA repositories in DEFAULT mode.
""31-01-2020 09:06:12 [restartedMain] INFO  o.s.d.r.c.RepositoryConfigurationDelegate - Finished Spring Data repository scanning in 609ms. Found 6 JPA repository interfaces.
""31-01-2020 09:06:15 [restartedMain] INFO  o.s.c.s.PostProcessorRegistrationDelegate$BeanPostProcessorChecker - Bean 'org.springframework.transaction.annotation.ProxyTransactionManagementConfiguration' of type [org.springframework.transaction.annotation.ProxyTransactionManagementConfiguration] is not eligible for getting processed by all BeanPostProcessors (for example: not eligible for auto-proxying)
""31-01-2020 09:06:17 [restartedMain] INFO  o.s.b.w.e.tomcat.TomcatWebServer - Tomcat initialized with port(s): 8080 (http)
""31-01-2020 09:06:17 [restartedMain] INFO  o.a.catalina.core.StandardService - Starting service [Tomcat]
""31-01-2020 09:06:17 [restartedMain] INFO  o.a.catalina.core.StandardEngine - Starting Servlet engine: [Apache Tomcat/9.0.29]
""31-01-2020 09:06:18 [restartedMain] INFO  org.apache.jasper.servlet.TldScanner - At least one JAR was scanned for TLDs yet contained no TLDs. Enable debug logging for this logger for a complete list of JARs that were scanned but no TLDs were found in them. Skipping unneeded JARs during scanning can improve startup time and JSP compilation time.
""31-01-2020 09:06:18 [restartedMain] INFO  o.a.c.c.C.[Tomcat].[localhost].[/] - Initializing Spring embedded WebApplicationContext
""31-01-2020 09:06:18 [restartedMain] INFO  o.s.web.context.ContextLoader - Root WebApplicationContext: initialization completed in 13874 ms
""31-01-2020 09:06:18 [restartedMain] INFO  com.zaxxer.hikari.HikariDataSource - HikariPool-1 - Starting...
""31-01-2020 09:06:20 [restartedMain] INFO  com.zaxxer.hikari.HikariDataSource - HikariPool-1 - Start completed.
""31-01-2020 09:06:20 [restartedMain] INFO  o.s.b.a.h.H2ConsoleAutoConfiguration - H2 console available at '/h2-console'. Database available at 'jdbc:mysql://localhost:3306/project'
""31-01-2020 09:06:21 [restartedMain] INFO  o.h.jpa.internal.util.LogHelper - HHH000204: Processing PersistenceUnitInfo [name: default]
""31-01-2020 09:06:21 [restartedMain] INFO  org.hibernate.Version - HHH000412: Hibernate Core {5.4.9.Final}
""31-01-2020 09:06:22 [restartedMain] INFO  o.h.annotations.common.Version - HCANN000001: Hibernate Commons Annotations {5.1.0.Final}
""31-01-2020 09:06:23 [restartedMain] INFO  org.hibernate.dialect.Dialect - HHH000400: Using dialect: org.hibernate.dialect.MySQL8Dialect
""31-01-2020 09:06:30 [restartedMain] INFO  o.h.e.t.j.p.i.JtaPlatformInitiator - HHH000490: Using JtaPlatform implementation: [org.hibernate.engine.transaction.jta.platform.internal.NoJtaPlatform]
""31-01-2020 09:06:30 [restartedMain] INFO  o.s.o.j.LocalContainerEntityManagerFactoryBean - Initialized JPA EntityManagerFactory for persistence unit 'default'
""31-01-2020 09:06:34 [restartedMain] WARN  o.s.b.a.o.j.JpaBaseConfiguration$JpaWebConfiguration - spring.jpa.open-in-view is enabled by default. Therefore, database queries may be performed during view rendering. Explicitly configure spring.jpa.open-in-view to disable this warning
""31-01-2020 09:06:35 [restartedMain] INFO  o.s.s.c.ThreadPoolTaskExecutor - Initializing ExecutorService 'applicationTaskExecutor'
""31-01-2020 09:06:37 [restartedMain] INFO  o.s.b.d.a.OptionalLiveReloadServer - LiveReload server is running on port 35729
""31-01-2020 09:06:37 [restartedMain] INFO  o.s.b.w.e.tomcat.TomcatWebServer - Tomcat started on port(s): 8080 (http) with context path ''
""31-01-2020 09:06:37 [restartedMain] INFO  com.project.ProjectApplication - Started ProjectApplication in 35.875 seconds (JVM running for 39.806)
""31-01-2020 09:06:37 [restartedMain] INFO  com.project.ProjectApplication - Log saved
""31-01-2020 09:07:49 [http-nio-8080-exec-1] INFO  o.a.c.c.C.[Tomcat].[localhost].[/] - Initializing Spring DispatcherServlet 'dispatcherServlet'
""31-01-2020 09:07:49 [http-nio-8080-exec-1] INFO  o.s.web.servlet.DispatcherServlet - Initializing Servlet 'dispatcherServlet'
""31-01-2020 09:07:49 [http-nio-8080-exec-1] INFO  o.s.web.servlet.DispatcherServlet - Completed initialization in 57 ms
""31-01-2020 09:07:49 [http-nio-8080-exec-1] INFO  c.project.controller.MainController - Index Accessed.....
""31-01-2020 09:07:50 [http-nio-8080-exec-3] INFO  c.project.controller.MainController - Sign In Accessed....
""31-01-2020 09:08:24 [http-nio-8080-exec-9] INFO  c.project.controller.UserController - User : null - Login Succesful 
""31-01-2020 09:10:19 [http-nio-8080-exec-7] INFO  c.project.controller.MainController - Index Accessed.....
""31-01-2020 09:10:19 [http-nio-8080-exec-3] INFO  c.project.controller.MainController - Sign In Accessed....
""31-01-2020 09:10:40 [http-nio-8080-exec-9] INFO  c.project.controller.UserController - User : null - Login Succesful 
""31-01-2020 09:12:21 [http-nio-8080-exec-1] INFO  c.project.controller.UserController - Raja : Logout
""31-01-2020 09:12:21 [http-nio-8080-exec-2] INFO  c.project.controller.MainController - Sign In Accessed....
""31-01-2020 09:12:28 [http-nio-8080-exec-7] INFO  c.p.controller.HeaderController - user name : Raja / user id : 4 / Level one form accessed
""31-01-2020 09:12:56 [http-nio-8080-exec-5] INFO  c.p.controller.HeaderController - user name : Raja
""31-01-2020 09:12:56 [http-nio-8080-exec-5] INFO  c.p.controller.HeaderController - user id : 4
""31-01-2020 09:12:56 [http-nio-8080-exec-5] INFO  c.p.controller.HeaderController - Level one - Gallery already exist
""31-01-2020 09:12:56 [http-nio-8080-exec-5] INFO  c.p.controller.HeaderController - -------------------------------------------------------
""31-01-2020 09:15:35 [http-nio-8080-exec-6] INFO  c.p.controller.HeaderController - user name : Raja
""31-01-2020 09:15:35 [http-nio-8080-exec-6] INFO  c.p.controller.HeaderController - user id : 4
""31-01-2020 09:15:35 [http-nio-8080-exec-6] INFO  c.p.controller.HeaderController - Level one - Gallery already exist
""31-01-2020 09:15:35 [http-nio-8080-exec-6] INFO  c.p.controller.HeaderController - -------------------------------------------------------
""31-01-2020 09:31:45 [http-nio-8080-exec-5] INFO  c.p.controller.HeaderController - user name : Raja / user id : 4 / Level one form accessed
""31-01-2020 09:35:14 [Thread-6] INFO  o.s.s.c.ThreadPoolTaskExecutor - Shutting down ExecutorService 'applicationTaskExecutor'
""31-01-2020 09:35:14 [Thread-6] INFO  o.s.o.j.LocalContainerEntityManagerFactoryBean - Closing JPA EntityManagerFactory for persistence unit 'default'
""31-01-2020 09:35:15 [Thread-6] INFO  com.zaxxer.hikari.HikariDataSource - HikariPool-1 - Shutdown initiated...
""31-01-2020 09:35:15 [Thread-6] INFO  com.zaxxer.hikari.HikariDataSource - HikariPool-1 - Shutdown completed.
""31-01-2020 09:35:19 [restartedMain] INFO  com.project.ProjectApplication - Starting ProjectApplication on Aemarajan with PID 13004 (C:\Users\Raja\Documents\workspace-spring-tool-suite-4-4.3.2.RELEASE\HeaderTask\target\classes started by Raja in C:\Users\Raja\Documents\workspace-spring-tool-suite-4-4.3.2.RELEASE\HeaderTask)
""31-01-2020 09:35:19 [restartedMain] INFO  com.project.ProjectApplication - No active profile set, falling back to default profiles: default
""31-01-2020 09:35:22 [restartedMain] INFO  o.s.d.r.c.RepositoryConfigurationDelegate - Bootstrapping Spring Data JPA repositories in DEFAULT mode.
""31-01-2020 09:35:22 [restartedMain] INFO  o.s.d.r.c.RepositoryConfigurationDelegate - Finished Spring Data repository scanning in 150ms. Found 6 JPA repository interfaces.
""31-01-2020 09:35:22 [restartedMain] INFO  o.s.c.s.PostProcessorRegistrationDelegate$BeanPostProcessorChecker - Bean 'org.springframework.transaction.annotation.ProxyTransactionManagementConfiguration' of type [org.springframework.transaction.annotation.ProxyTransactionManagementConfiguration] is not eligible for getting processed by all BeanPostProcessors (for example: not eligible for auto-proxying)
""31-01-2020 09:35:22 [restartedMain] WARN  o.a.tomcat.util.modeler.Registry - The MBean registry cannot be disabled because it has already been initialised
""31-01-2020 09:35:24 [restartedMain] INFO  o.s.b.w.e.tomcat.TomcatWebServer - Tomcat initialized with port(s): 8080 (http)
""31-01-2020 09:35:24 [restartedMain] INFO  o.a.catalina.core.StandardService - Starting service [Tomcat]
""31-01-2020 09:35:24 [restartedMain] INFO  o.a.catalina.core.StandardEngine - Starting Servlet engine: [Apache Tomcat/9.0.29]
""31-01-2020 09:35:24 [restartedMain] INFO  org.apache.jasper.servlet.TldScanner - At least one JAR was scanned for TLDs yet contained no TLDs. Enable debug logging for this logger for a complete list of JARs that were scanned but no TLDs were found in them. Skipping unneeded JARs during scanning can improve startup time and JSP compilation time.
""31-01-2020 09:35:24 [restartedMain] INFO  o.a.c.c.C.[Tomcat].[localhost].[/] - Initializing Spring embedded WebApplicationContext
""31-01-2020 09:35:24 [restartedMain] INFO  o.s.web.context.ContextLoader - Root WebApplicationContext: initialization completed in 5123 ms
""31-01-2020 09:35:24 [restartedMain] INFO  com.zaxxer.hikari.HikariDataSource - HikariPool-2 - Starting...
""31-01-2020 09:35:24 [restartedMain] INFO  com.zaxxer.hikari.HikariDataSource - HikariPool-2 - Start completed.
""31-01-2020 09:35:24 [restartedMain] INFO  o.s.b.a.h.H2ConsoleAutoConfiguration - H2 console available at '/h2-console'. Database available at 'jdbc:mysql://localhost:3306/project'
""31-01-2020 09:35:25 [restartedMain] INFO  o.h.jpa.internal.util.LogHelper - HHH000204: Processing PersistenceUnitInfo [name: default]
""31-01-2020 09:35:25 [restartedMain] INFO  org.hibernate.dialect.Dialect - HHH000400: Using dialect: org.hibernate.dialect.MySQL8Dialect
""31-01-2020 09:35:25 [restartedMain] INFO  o.h.e.t.j.p.i.JtaPlatformInitiator - HHH000490: Using JtaPlatform implementation: [org.hibernate.engine.transaction.jta.platform.internal.NoJtaPlatform]
""31-01-2020 09:35:25 [restartedMain] INFO  o.s.o.j.LocalContainerEntityManagerFactoryBean - Initialized JPA EntityManagerFactory for persistence unit 'default'
""31-01-2020 09:35:26 [restartedMain] WARN  o.s.b.a.o.j.JpaBaseConfiguration$JpaWebConfiguration - spring.jpa.open-in-view is enabled by default. Therefore, database queries may be performed during view rendering. Explicitly configure spring.jpa.open-in-view to disable this warning
""31-01-2020 09:35:26 [restartedMain] INFO  o.s.s.c.ThreadPoolTaskExecutor - Initializing ExecutorService 'applicationTaskExecutor'
""31-01-2020 09:35:26 [restartedMain] INFO  o.s.b.d.a.OptionalLiveReloadServer - LiveReload server is running on port 35729
""31-01-2020 09:35:26 [restartedMain] INFO  o.s.b.w.e.tomcat.TomcatWebServer - Tomcat started on port(s): 8080 (http) with context path ''
""31-01-2020 09:35:26 [restartedMain] INFO  com.project.ProjectApplication - Started ProjectApplication in 7.675 seconds (JVM running for 1769.006)
""31-01-2020 09:35:26 [restartedMain] INFO  o.s.b.d.a.ConditionEvaluationDeltaLoggingListener - Condition evaluation unchanged
""31-01-2020 09:35:26 [restartedMain] INFO  com.project.ProjectApplication - Log saved
""31-01-2020 09:36:50 [Thread-10] INFO  o.s.s.c.ThreadPoolTaskExecutor - Shutting down ExecutorService 'applicationTaskExecutor'
""31-01-2020 09:36:50 [Thread-10] INFO  o.s.o.j.LocalContainerEntityManagerFactoryBean - Closing JPA EntityManagerFactory for persistence unit 'default'
""31-01-2020 09:36:50 [Thread-10] INFO  com.zaxxer.hikari.HikariDataSource - HikariPool-2 - Shutdown initiated...
""31-01-2020 09:36:50 [Thread-10] INFO  com.zaxxer.hikari.HikariDataSource - HikariPool-2 - Shutdown completed.
""31-01-2020 09:36:51 [restartedMain] INFO  com.project.ProjectApplication - Starting ProjectApplication on Aemarajan with PID 13004 (C:\Users\Raja\Documents\workspace-spring-tool-suite-4-4.3.2.RELEASE\HeaderTask\target\classes started by Raja in C:\Users\Raja\Documents\workspace-spring-tool-suite-4-4.3.2.RELEASE\HeaderTask)
""31-01-2020 09:36:51 [restartedMain] INFO  com.project.ProjectApplication - No active profile set, falling back to default profiles: default
""31-01-2020 09:36:51 [restartedMain] INFO  o.s.d.r.c.RepositoryConfigurationDelegate - Bootstrapping Spring Data JPA repositories in DEFAULT mode.
""31-01-2020 09:36:52 [restartedMain] INFO  o.s.d.r.c.RepositoryConfigurationDelegate - Finished Spring Data repository scanning in 76ms. Found 6 JPA repository interfaces.
""31-01-2020 09:36:52 [restartedMain] INFO  o.s.c.s.PostProcessorRegistrationDelegate$BeanPostProcessorChecker - Bean 'org.springframework.transaction.annotation.ProxyTransactionManagementConfiguration' of type [org.springframework.transaction.annotation.ProxyTransactionManagementConfiguration] is not eligible for getting processed by all BeanPostProcessors (for example: not eligible for auto-proxying)
""31-01-2020 09:36:52 [restartedMain] WARN  o.a.tomcat.util.modeler.Registry - The MBean registry cannot be disabled because it has already been initialised
""31-01-2020 09:36:52 [restartedMain] INFO  o.s.b.w.e.tomcat.TomcatWebServer - Tomcat initialized with port(s): 8080 (http)
""31-01-2020 09:36:52 [restartedMain] INFO  o.a.catalina.core.StandardService - Starting service [Tomcat]
""31-01-2020 09:36:52 [restartedMain] INFO  o.a.catalina.core.StandardEngine - Starting Servlet engine: [Apache Tomcat/9.0.29]
""31-01-2020 09:36:53 [restartedMain] INFO  org.apache.jasper.servlet.TldScanner - At least one JAR was scanned for TLDs yet contained no TLDs. Enable debug logging for this logger for a complete list of JARs that were scanned but no TLDs were found in them. Skipping unneeded JARs during scanning can improve startup time and JSP compilation time.
""31-01-2020 09:36:53 [restartedMain] INFO  o.a.c.c.C.[Tomcat].[localhost].[/] - Initializing Spring embedded WebApplicationContext
""31-01-2020 09:36:53 [restartedMain] INFO  o.s.web.context.ContextLoader - Root WebApplicationContext: initialization completed in 2055 ms
""31-01-2020 09:36:53 [restartedMain] INFO  com.zaxxer.hikari.HikariDataSource - HikariPool-3 - Starting...
""31-01-2020 09:36:53 [restartedMain] INFO  com.zaxxer.hikari.HikariDataSource - HikariPool-3 - Start completed.
""31-01-2020 09:36:53 [restartedMain] INFO  o.s.b.a.h.H2ConsoleAutoConfiguration - H2 console available at '/h2-console'. Database available at 'jdbc:mysql://localhost:3306/project'
""31-01-2020 09:36:53 [restartedMain] INFO  o.h.jpa.internal.util.LogHelper - HHH000204: Processing PersistenceUnitInfo [name: default]
""31-01-2020 09:36:53 [restartedMain] INFO  org.hibernate.dialect.Dialect - HHH000400: Using dialect: org.hibernate.dialect.MySQL8Dialect
""31-01-2020 09:36:54 [restartedMain] INFO  o.h.e.t.j.p.i.JtaPlatformInitiator - HHH000490: Using JtaPlatform implementation: [org.hibernate.engine.transaction.jta.platform.internal.NoJtaPlatform]
""31-01-2020 09:36:54 [restartedMain] INFO  o.s.o.j.LocalContainerEntityManagerFactoryBean - Initialized JPA EntityManagerFactory for persistence unit 'default'
""31-01-2020 09:36:55 [restartedMain] WARN  o.s.b.a.o.j.JpaBaseConfiguration$JpaWebConfiguration - spring.jpa.open-in-view is enabled by default. Therefore, database queries may be performed during view rendering. Explicitly configure spring.jpa.open-in-view to disable this warning
""31-01-2020 09:36:55 [restartedMain] INFO  o.s.s.c.ThreadPoolTaskExecutor - Initializing ExecutorService 'applicationTaskExecutor'
""31-01-2020 09:36:55 [restartedMain] INFO  o.s.b.d.a.OptionalLiveReloadServer - LiveReload server is running on port 35729
""31-01-2020 09:36:55 [restartedMain] INFO  o.s.b.w.e.tomcat.TomcatWebServer - Tomcat started on port(s): 8080 (http) with context path ''
""31-01-2020 09:36:55 [restartedMain] INFO  com.project.ProjectApplication - Started ProjectApplication in 4.565 seconds (JVM running for 1858.072)
""31-01-2020 09:36:55 [restartedMain] INFO  o.s.b.d.a.ConditionEvaluationDeltaLoggingListener - Condition evaluation unchanged
""31-01-2020 09:36:55 [restartedMain] INFO  com.project.ProjectApplication - Log saved
""31-01-2020 09:41:50 [http-nio-8080-exec-2] INFO  o.a.c.c.C.[Tomcat].[localhost].[/] - Initializing Spring DispatcherServlet 'dispatcherServlet'
""31-01-2020 09:41:50 [http-nio-8080-exec-2] INFO  o.s.web.servlet.DispatcherServlet - Initializing Servlet 'dispatcherServlet'
""31-01-2020 09:41:50 [http-nio-8080-exec-2] INFO  o.s.web.servlet.DispatcherServlet - Completed initialization in 14 ms
""31-01-2020 09:56:53 [http-nio-8080-exec-8] INFO  c.p.controller.HeaderController - user name : Raja / user id : 4 / Level one form accessed
""31-01-2020 10:18:02 [Thread-15] INFO  o.s.s.c.ThreadPoolTaskExecutor - Shutting down ExecutorService 'applicationTaskExecutor'
""31-01-2020 10:18:02 [Thread-15] INFO  o.s.o.j.LocalContainerEntityManagerFactoryBean - Closing JPA EntityManagerFactory for persistence unit 'default'
""31-01-2020 10:18:03 [Thread-15] INFO  com.zaxxer.hikari.HikariDataSource - HikariPool-3 - Shutdown initiated...
""31-01-2020 10:18:03 [Thread-15] INFO  com.zaxxer.hikari.HikariDataSource - HikariPool-3 - Shutdown completed.
""31-01-2020 10:18:08 [restartedMain] INFO  com.project.ProjectApplication - Starting ProjectApplication on Aemarajan with PID 13004 (C:\Users\Raja\Documents\workspace-spring-tool-suite-4-4.3.2.RELEASE\HeaderTask\target\classes started by Raja in C:\Users\Raja\Documents\workspace-spring-tool-suite-4-4.3.2.RELEASE\HeaderTask)
""31-01-2020 10:18:08 [restartedMain] INFO  com.project.ProjectApplication - No active profile set, falling back to default profiles: default
""31-01-2020 10:18:11 [restartedMain] INFO  o.s.d.r.c.RepositoryConfigurationDelegate - Bootstrapping Spring Data JPA repositories in DEFAULT mode.
""31-01-2020 10:18:11 [restartedMain] INFO  o.s.d.r.c.RepositoryConfigurationDelegate - Finished Spring Data repository scanning in 137ms. Found 6 JPA repository interfaces.
""31-01-2020 10:18:11 [restartedMain] INFO  o.s.c.s.PostProcessorRegistrationDelegate$BeanPostProcessorChecker - Bean 'org.springframework.transaction.annotation.ProxyTransactionManagementConfiguration' of type [org.springframework.transaction.annotation.ProxyTransactionManagementConfiguration] is not eligible for getting processed by all BeanPostProcessors (for example: not eligible for auto-proxying)
""31-01-2020 10:18:11 [restartedMain] WARN  o.a.tomcat.util.modeler.Registry - The MBean registry cannot be disabled because it has already been initialised
""31-01-2020 10:18:12 [restartedMain] INFO  o.s.b.w.e.tomcat.TomcatWebServer - Tomcat initialized with port(s): 8080 (http)
""31-01-2020 10:18:12 [restartedMain] INFO  o.a.catalina.core.StandardService - Starting service [Tomcat]
""31-01-2020 10:18:12 [restartedMain] INFO  o.a.catalina.core.StandardEngine - Starting Servlet engine: [Apache Tomcat/9.0.29]
""31-01-2020 10:18:13 [restartedMain] INFO  org.apache.jasper.servlet.TldScanner - At least one JAR was scanned for TLDs yet contained no TLDs. Enable debug logging for this logger for a complete list of JARs that were scanned but no TLDs were found in them. Skipping unneeded JARs during scanning can improve startup time and JSP compilation time.
""31-01-2020 10:18:13 [restartedMain] INFO  o.a.c.c.C.[Tomcat].[localhost].[/] - Initializing Spring embedded WebApplicationContext
""31-01-2020 10:18:13 [restartedMain] INFO  o.s.web.context.ContextLoader - Root WebApplicationContext: initialization completed in 4904 ms
""31-01-2020 10:18:13 [restartedMain] INFO  com.zaxxer.hikari.HikariDataSource - HikariPool-4 - Starting...
""31-01-2020 10:18:14 [restartedMain] INFO  com.zaxxer.hikari.HikariDataSource - HikariPool-4 - Start completed.
""31-01-2020 10:18:14 [restartedMain] INFO  o.s.b.a.h.H2ConsoleAutoConfiguration - H2 console available at '/h2-console'. Database available at 'jdbc:mysql://localhost:3306/project'
""31-01-2020 10:18:14 [restartedMain] INFO  o.h.jpa.internal.util.LogHelper - HHH000204: Processing PersistenceUnitInfo [name: default]
""31-01-2020 10:18:14 [restartedMain] INFO  org.hibernate.dialect.Dialect - HHH000400: Using dialect: org.hibernate.dialect.MySQL8Dialect
""31-01-2020 10:18:15 [restartedMain] INFO  o.h.e.t.j.p.i.JtaPlatformInitiator - HHH000490: Using JtaPlatform implementation: [org.hibernate.engine.transaction.jta.platform.internal.NoJtaPlatform]
""31-01-2020 10:18:15 [restartedMain] INFO  o.s.o.j.LocalContainerEntityManagerFactoryBean - Initialized JPA EntityManagerFactory for persistence unit 'default'
""31-01-2020 10:18:16 [restartedMain] WARN  o.s.b.a.o.j.JpaBaseConfiguration$JpaWebConfiguration - spring.jpa.open-in-view is enabled by default. Therefore, database queries may be performed during view rendering. Explicitly configure spring.jpa.open-in-view to disable this warning
""31-01-2020 10:18:16 [restartedMain] INFO  o.s.s.c.ThreadPoolTaskExecutor - Initializing ExecutorService 'applicationTaskExecutor'
""31-01-2020 10:18:16 [restartedMain] INFO  o.s.b.d.a.OptionalLiveReloadServer - LiveReload server is running on port 35729
""31-01-2020 10:18:16 [restartedMain] INFO  o.s.b.w.e.tomcat.TomcatWebServer - Tomcat started on port(s): 8080 (http) with context path ''
""31-01-2020 10:18:16 [restartedMain] INFO  com.project.ProjectApplication - Started ProjectApplication in 8.51 seconds (JVM running for 4338.985)
""31-01-2020 10:18:16 [restartedMain] INFO  o.s.b.d.a.ConditionEvaluationDeltaLoggingListener - Condition evaluation unchanged
""31-01-2020 10:18:16 [restartedMain] INFO  com.project.ProjectApplication - Log saved
""31-01-2020 10:38:43 [RMI TCP Connection(63)-127.0.0.1] INFO  o.s.b.a.SpringApplicationAdminMXBeanRegistrar$SpringApplicationAdmin - Application shutdown requested.
""31-01-2020 10:38:44 [RMI TCP Connection(63)-127.0.0.1] INFO  o.s.s.c.ThreadPoolTaskExecutor - Shutting down ExecutorService 'applicationTaskExecutor'
""31-01-2020 10:38:44 [RMI TCP Connection(63)-127.0.0.1] INFO  o.s.o.j.LocalContainerEntityManagerFactoryBean - Closing JPA EntityManagerFactory for persistence unit 'default'
""31-01-2020 10:38:44 [RMI TCP Connection(63)-127.0.0.1] INFO  com.zaxxer.hikari.HikariDataSource - HikariPool-4 - Shutdown initiated...
""31-01-2020 10:38:45 [RMI TCP Connection(63)-127.0.0.1] INFO  com.zaxxer.hikari.HikariDataSource - HikariPool-4 - Shutdown completed.
"